Base path: D:/Unity/Editor/Data
Pipe name: \\.\pipe\UnityShaderCompiler-64bit-1-28260
Cmd: getPlatforms
Cmd: preprocess
  insize=238 outsize=238 ok=1
Cmd: preprocess
  insize=2439 outsize=908 ok=1
Cmd: compileSnippet
  api=4 type=0 insize=1832 outsize=1713 kw= pd= ok=1
Cmd: compileSnippet
  api=4 type=1 insize=1832 outsize=1306 kw= pd= ok=1
Cmd: preprocess
  insize=1654 outsize=525 ok=1
Cmd: compileSnippet
  api=4 type=0 insize=1431 outsize=1404 kw= pd= ok=1
Cmd: compileSnippet
  api=4 type=1 insize=1431 outsize=1753 kw= pd= ok=1
Cmd: preprocess
  insize=3022 outsize=950 ok=1
Cmd: compileSnippet
  api=4 type=0 insize=2376 outsize=2281 kw= pd= ok=1
Cmd: compileSnippet
  api=4 type=1 insize=2376 outsize=1908 kw= pd= ok=1
Cmd: preprocess
  insize=2433 outsize=510 ok=1
Cmd: compileSnippet
  api=4 type=0 insize=2224 outsize=2094 kw= pd= ok=1
Cmd: compileSnippet
  api=4 type=1 insize=2224 outsize=1648 kw= pd= ok=1
Cmd: preprocess
  insize=2098 outsize=947 ok=1
Cmd: compileSnippet
  api=4 type=0 insize=1452 outsize=1591 kw= pd= ok=1
Cmd: compileSnippet
  api=4 type=1 insize=1452 outsize=1444 kw= pd= ok=1
Cmd: preprocess
  insize=2060 outsize=511 ok=1
Cmd: compileSnippet
  api=4 type=0 insize=1851 outsize=1713 kw= pd= ok=1
Cmd: compileSnippet
  api=4 type=1 insize=1851 outsize=1306 kw= pd= ok=1
Cmd: preprocess
  insize=516 outsize=516 ok=1
Cmd: preprocess
  insize=2554 outsize=569 ok=1
Cmd: compileSnippet
  api=4 type=0 insize=2289 outsize=2094 kw= pd= ok=1
Cmd: compileSnippet
  api=4 type=1 insize=2289 outsize=1607 kw= pd= ok=1
Cmd: preprocess
  insize=2179 outsize=567 ok=1
Cmd: compileSnippet
  api=4 type=0 insize=1914 outsize=1713 kw= pd= ok=1
Cmd: compileSnippet
  api=4 type=1 insize=1914 outsize=1266 kw= pd= ok=1
Cmd: preprocess
  insize=1478 outsize=643 ok=1
Cmd: compileSnippet
  api=4 type=0 insize=1137 outsize=1526 kw= pd= ok=1
Cmd: compileSnippet
  api=4 type=1 insize=1137 outsize=1071 kw= pd= ok=1
Cmd: preprocess
  insize=1552 outsize=893 ok=1
Cmd: compileSnippet
  api=4 type=0 insize=961 outsize=1209 kw= pd= ok=1
Cmd: compileSnippet
  api=4 type=1 insize=961 outsize=811 kw= pd= ok=1
Cmd: preprocess
  insize=1581 outsize=662 ok=1
Cmd: compileSnippet
  api=4 type=0 insize=1221 outsize=1526 kw= pd= ok=1
Cmd: compileSnippet
  api=4 type=1 insize=1221 outsize=1030 kw= pd= ok=1
Cmd: preprocess
  insize=2814 outsize=909 ok=1
Cmd: compileSnippet
  api=4 type=0 insize=2207 outsize=2094 kw= pd= ok=1
Cmd: compileSnippet
  api=4 type=1 insize=2207 outsize=1648 kw= pd= ok=1
Cmd: preprocess
  insize=1739 outsize=939 ok=1
Cmd: compileSnippet
  api=4 type=0 insize=1102 outsize=1396 kw= pd= ok=1
Cmd: compileSnippet
  api=4 type=1 insize=1102 outsize=1071 kw= pd= ok=1
Cmd: preprocess
  insize=1640 outsize=567 ok=1
Cmd: compileSnippet
  api=4 type=0 insize=1375 outsize=1404 kw= pd= ok=1
Cmd: compileSnippet
  api=4 type=1 insize=1375 outsize=1144 kw= pd= ok=1
Cmd: preprocess
  insize=1508 outsize=511 ok=1
Cmd: compileSnippet
  api=4 type=0 insize=1299 outsize=1404 kw= pd= ok=1
Cmd: compileSnippet
  api=4 type=1 insize=1299 outsize=1184 kw= pd= ok=1
Cmd: preprocess
  insize=3042 outsize=2109 ok=1
Cmd: compileSnippet
  api=4 type=0 insize=8021 outsize=4849 kw=DIRECTIONAL SHADOWS_OFF LIGHTMAP_OFF DIRLIGHTMAP_OFF DYNAMICLIGHTMAP_OFF pd= ok=1
Cmd: compileSnippet
  api=4 type=1 insize=8021 outsize=3264 kw=DIRECTIONAL SHADOWS_OFF LIGHTMAP_OFF DIRLIGHTMAP_OFF DYNAMICLIGHTMAP_OFF pd= ok=1
Cmd: compileSnippet
  api=4 type=0 insize=5324 outsize=3931 kw=POINT pd= ok=1
Cmd: compileSnippet
  api=4 type=1 insize=5324 outsize=3817 kw=POINT pd= ok=1
Cmd: compileSnippet
  api=4 type=0 insize=4674 outsize=4231 kw= pd= ok=1
Cmd: compileSnippet
  api=4 type=1 insize=4674 outsize=1412 kw= pd= ok=1
Cmd: compileSnippet
  api=4 type=0 insize=7588 outsize=3663 kw=DIRECTIONAL SHADOWS_OFF LIGHTMAP_OFF DIRLIGHTMAP_OFF DYNAMICLIGHTMAP_OFF pd= ok=1
Cmd: compileSnippet
  api=4 type=1 insize=7588 outsize=2403 kw=DIRECTIONAL SHADOWS_OFF LIGHTMAP_OFF DIRLIGHTMAP_OFF DYNAMICLIGHTMAP_OFF pd= ok=1
Cmd: compileSnippet
  api=4 type=0 insize=4363 outsize=2753 kw=POINT pd= ok=1
Cmd: compileSnippet
  api=4 type=1 insize=4363 outsize=3004 kw=POINT pd= ok=1
Cmd: compileSnippet
  api=4 type=0 insize=3752 outsize=2103 kw= pd= ok=1
Cmd: compileSnippet
  api=4 type=1 insize=3752 outsize=1266 kw= pd= ok=1
Cmd: preprocess
  insize=2647 outsize=947 ok=1
Cmd: compileSnippet
  api=4 type=0 insize=2001 outsize=1899 kw= pd= ok=1
Cmd: compileSnippet
  api=4 type=1 insize=2001 outsize=1566 kw= pd= ok=1
Cmd: preprocess
  insize=1890 outsize=908 ok=1
Cmd: compileSnippet
  api=4 type=0 insize=1283 outsize=1404 kw= pd= ok=1
Cmd: compileSnippet
  api=4 type=1 insize=1283 outsize=1184 kw= pd= ok=1
Cmd: preprocess
  insize=2581 outsize=527 ok=1
Cmd: compileSnippet
  api=4 type=0 insize=2358 outsize=2094 kw= pd= ok=1
Cmd: compileSnippet
  api=4 type=1 insize=2358 outsize=2273 kw= pd= ok=1
Cmd: preprocess
  insize=469 outsize=469 ok=1
Cmd: preprocess
  insize=1545 outsize=540 ok=1
Cmd: compileSnippet
  api=4 type=0 insize=1307 outsize=1404 kw= pd= ok=1
Cmd: compileSnippet
  api=4 type=1 insize=1307 outsize=1761 kw= pd= ok=1
Cmd: preprocess
  insize=1510 outsize=900 ok=1
Cmd: compileSnippet
  api=4 type=0 insize=912 outsize=1209 kw= pd= ok=1
Cmd: compileSnippet
  api=4 type=1 insize=912 outsize=770 kw= pd= ok=1
Cmd: preprocess
  insize=6218 outsize=3909 ok=1
Cmd: compileSnippet
  api=4 type=0 insize=9605 outsize=5442 kw=DIRECTIONAL LIGHTMAP_OFF DIRLIGHTMAP_OFF DYNAMICLIGHTMAP_OFF pd= ok=1
Cmd: compileSnippet
  api=4 type=1 insize=9605 outsize=4337 kw=DIRECTIONAL LIGHTMAP_OFF DIRLIGHTMAP_OFF DYNAMICLIGHTMAP_OFF pd= ok=1
Cmd: compileSnippet
  api=4 type=0 insize=6796 outsize=4524 kw=POINT pd= ok=1
Cmd: compileSnippet
  api=4 type=1 insize=6796 outsize=4841 kw=POINT pd= ok=1
Cmd: compileSnippet
  api=4 type=0 insize=6270 outsize=5093 kw= pd= ok=1
Cmd: compileSnippet
  api=4 type=1 insize=6270 outsize=2541 kw= pd= ok=1
Cmd: compileSnippet
  api=4 type=0 insize=8419 outsize=4995 kw=DIRECTIONAL LIGHTMAP_OFF DIRLIGHTMAP_OFF DYNAMICLIGHTMAP_OFF pd= ok=1
Cmd: compileSnippet
  api=4 type=1 insize=8419 outsize=3882 kw=DIRECTIONAL LIGHTMAP_OFF DIRLIGHTMAP_OFF DYNAMICLIGHTMAP_OFF pd= ok=1
Cmd: compileSnippet
  api=4 type=0 insize=5697 outsize=4077 kw=POINT pd= ok=1
Cmd: compileSnippet
  api=4 type=1 insize=5697 outsize=4353 kw=POINT pd= ok=1
Cmd: compileSnippet
  api=4 type=0 insize=5171 outsize=4378 kw= pd= ok=1
Cmd: compileSnippet
  api=4 type=1 insize=5171 outsize=1834 kw= pd= ok=1
Cmd: compileSnippet
  api=4 type=0 insize=7435 outsize=3809 kw=DIRECTIONAL LIGHTMAP_OFF DIRLIGHTMAP_OFF DYNAMICLIGHTMAP_OFF pd= ok=1
Cmd: compileSnippet
  api=4 type=1 insize=7435 outsize=1818 kw=DIRECTIONAL LIGHTMAP_OFF DIRLIGHTMAP_OFF DYNAMICLIGHTMAP_OFF pd= ok=1
Cmd: compileSnippet
  api=4 type=0 insize=4139 outsize=2899 kw=POINT pd= ok=1
Cmd: compileSnippet
  api=4 type=1 insize=4139 outsize=2452 kw=POINT pd= ok=1
Cmd: compileSnippet
  api=4 type=0 insize=3544 outsize=2631 kw= pd= ok=1
Cmd: compileSnippet
  api=4 type=1 insize=3544 outsize=1737 kw= pd= ok=1
Cmd: preprocess
  insize=1563 outsize=946 ok=1
Cmd: compileSnippet
  api=4 type=0 insize=918 outsize=1209 kw= pd= ok=1
Cmd: compileSnippet
  api=4 type=1 insize=918 outsize=770 kw= pd= ok=1
Cmd: preprocess
  insize=2361 outsize=2710 ok=1
Cmd: compileSnippet
  api=4 type=0 insize=8126 outsize=4849 kw=DIRECTIONAL SHADOWS_OFF LIGHTMAP_OFF DIRLIGHTMAP_OFF DYNAMICLIGHTMAP_OFF pd= ok=1
Cmd: compileSnippet
  api=4 type=1 insize=8126 outsize=3492 kw=DIRECTIONAL SHADOWS_OFF LIGHTMAP_OFF DIRLIGHTMAP_OFF DYNAMICLIGHTMAP_OFF pd= ok=1
Cmd: compileSnippet
  api=4 type=0 insize=5429 outsize=3931 kw=POINT pd= ok=1
Cmd: compileSnippet
  api=4 type=1 insize=5429 outsize=4044 kw=POINT pd= ok=1
Cmd: compileSnippet
  api=4 type=0 insize=4779 outsize=4231 kw= pd= ok=1
Cmd: compileSnippet
  api=4 type=1 insize=4779 outsize=1509 kw= pd= ok=1
Cmd: compileSnippet
  api=4 type=0 insize=6981 outsize=3663 kw=DIRECTIONAL SHADOWS_OFF LIGHTMAP_OFF DIRLIGHTMAP_OFF DYNAMICLIGHTMAP_OFF pd= ok=1
Cmd: compileSnippet
  api=4 type=1 insize=6981 outsize=1412 kw=DIRECTIONAL SHADOWS_OFF LIGHTMAP_OFF DIRLIGHTMAP_OFF DYNAMICLIGHTMAP_OFF pd= ok=1
Cmd: compileSnippet
  api=4 type=0 insize=3752 outsize=2753 kw=POINT pd= ok=1
Cmd: compileSnippet
  api=4 type=1 insize=3752 outsize=2046 kw=POINT pd= ok=1
Cmd: compileSnippet
  api=4 type=0 insize=2959 outsize=2533 kw= pd= ok=1
Cmd: compileSnippet
  api=4 type=1 insize=2959 outsize=697 kw= pd= ok=1
Cmd: compileSnippet
  api=4 type=0 insize=6020 outsize=4077 kw=LIGHTMAP_OFF DIRLIGHTMAP_OFF DYNAMICLIGHTMAP_OFF HDR_LIGHT_PREPASS_OFF pd= ok=1
Cmd: compileSnippet
  api=4 type=1 insize=6020 outsize=1461 kw=LIGHTMAP_OFF DIRLIGHTMAP_OFF DYNAMICLIGHTMAP_OFF HDR_LIGHT_PREPASS_OFF pd= ok=1
Cmd: compileSnippet
  api=4 type=0 insize=6083 outsize=3801 kw=LIGHTMAP_OFF DIRLIGHTMAP_OFF DYNAMICLIGHTMAP_OFF HDR_LIGHT_PREPASS_OFF pd= ok=1
Cmd: compileSnippet
  api=4 type=1 insize=6083 outsize=1745 kw=LIGHTMAP_OFF DIRLIGHTMAP_OFF DYNAMICLIGHTMAP_OFF HDR_LIGHT_PREPASS_OFF pd= ok=1
Cmd: compileSnippet
  api=4 type=0 insize=3150 outsize=2484 kw= pd= ok=1
Cmd: compileSnippet
  api=4 type=1 insize=3150 outsize=1412 kw= pd= ok=1
Cmd: preprocess
  insize=1360 outsize=522 ok=1
Cmd: compileSnippet
  api=4 type=0 insize=1139 outsize=1526 kw= pd= ok=1
Cmd: compileSnippet
  api=4 type=1 insize=1139 outsize=1071 kw= pd= ok=1
Cmd: preprocess
  insize=1308 outsize=516 ok=1
Cmd: compileSnippet
  api=4 type=0 insize=1094 outsize=1209 kw= pd= ok=1
Cmd: compileSnippet
  api=4 type=1 insize=1094 outsize=1379 kw= pd= ok=1
Cmd: preprocess
  insize=2206 outsize=524 ok=1
Cmd: compileSnippet
  api=4 type=0 insize=1983 outsize=1713 kw= pd= ok=1
Cmd: compileSnippet
  api=4 type=1 insize=1983 outsize=1932 kw= pd= ok=1
Cmd: preprocess
  insize=1774 outsize=995 ok=1
Cmd: compileSnippet
  api=4 type=0 insize=1081 outsize=1290 kw= pd= ok=1
Cmd: compileSnippet
  api=4 type=1 insize=1081 outsize=1006 kw= pd= ok=1
Cmd: compileSnippet
  api=4 type=0 insize=541 outsize=3533 kw=SHADOWS_DEPTH pd= ok=1
Cmd: compileSnippet
  api=4 type=1 insize=541 outsize=453 kw=SHADOWS_DEPTH pd= ok=1
Cmd: compileSnippet
  api=4 type=0 insize=6895 outsize=3663 kw=DIRECTIONAL SHADOWS_OFF LIGHTMAP_OFF DIRLIGHTMAP_OFF DYNAMICLIGHTMAP_OFF pd= ok=1
Cmd: compileSnippet
  api=4 type=1 insize=6895 outsize=1314 kw=DIRECTIONAL SHADOWS_OFF LIGHTMAP_OFF DIRLIGHTMAP_OFF DYNAMICLIGHTMAP_OFF pd= ok=1
Cmd: compileSnippet
  api=4 type=0 insize=3666 outsize=2753 kw=DIRECTIONAL pd= ok=1
Cmd: compileSnippet
  api=4 type=1 insize=3666 outsize=1168 kw=DIRECTIONAL pd= ok=1
Cmd: compileSnippet
  api=4 type=0 insize=5324 outsize=3931 kw=DIRECTIONAL pd= ok=1
Cmd: compileSnippet
  api=4 type=1 insize=5324 outsize=3069 kw=DIRECTIONAL pd= ok=1
Cmd: compileSnippet
  api=4 type=0 insize=5429 outsize=3931 kw=DIRECTIONAL pd= ok=1
Cmd: compileSnippet
  api=4 type=1 insize=5429 outsize=3297 kw=DIRECTIONAL pd= ok=1
Cmd: compileSnippet
  api=4 type=0 insize=990 outsize=1087 kw= pd= ok=1
Cmd: compileSnippet
  api=4 type=1 insize=990 outsize=713 kw= pd= ok=1
Cmd: compileSnippet
  api=4 type=0 insize=577 outsize=3533 kw=SHADOWS_DEPTH pd= ok=1
Cmd: compileSnippet
  api=4 type=1 insize=577 outsize=453 kw=SHADOWS_DEPTH pd= ok=1
Cmd: compileSnippet
  api=4 type=0 insize=7165 outsize=4849 kw=DIRECTIONAL SHADOWS_OFF LIGHTMAP_OFF DIRLIGHTMAP_OFF DYNAMICLIGHTMAP_OFF pd= ok=1
Cmd: compileSnippet
  api=4 type=1 insize=7165 outsize=1989 kw=DIRECTIONAL SHADOWS_OFF LIGHTMAP_OFF DIRLIGHTMAP_OFF DYNAMICLIGHTMAP_OFF pd= ok=1
Cmd: compileSnippet
  api=4 type=0 insize=6796 outsize=4524 kw=DIRECTIONAL pd= ok=1
Cmd: compileSnippet
  api=4 type=1 insize=6796 outsize=4093 kw=DIRECTIONAL pd= ok=1
Cmd: compileSnippet
  api=4 type=0 insize=751 outsize=3533 kw=SHADOWS_DEPTH pd= ok=1
Cmd: compileSnippet
  api=4 type=1 insize=751 outsize=380 kw=SHADOWS_DEPTH pd= ok=1
Cmd: compileSnippet
  api=4 type=0 insize=982 outsize=3979 kw=DIRECTIONAL SHADOWS_OFF LIGHTMAP_OFF DIRLIGHTMAP_OFF DYNAMICLIGHTMAP_OFF pd= ok=1
Cmd: compileSnippet
  api=4 type=1 insize=982 outsize=10618 kw=DIRECTIONAL SHADOWS_OFF LIGHTMAP_OFF DIRLIGHTMAP_OFF DYNAMICLIGHTMAP_OFF pd= ok=1
Cmd: compileSnippet
  api=4 type=0 insize=938 outsize=4101 kw=DIRECTIONAL SHADOWS_OFF pd= ok=1
Cmd: compileSnippet
  api=4 type=1 insize=938 outsize=5515 kw=DIRECTIONAL SHADOWS_OFF pd= ok=1
Cmd: compileSnippet
  api=4 type=0 insize=13030 outsize=11024 kw=UNITY_COLORSPACE_GAMMA _SUNDISK_SIMPLE pd= ok=1
Cmd: compileSnippet
  api=4 type=1 insize=13030 outsize=1899 kw=UNITY_COLORSPACE_GAMMA _SUNDISK_SIMPLE pd= ok=1
Cmd: compileSnippet
  api=4 type=0 insize=1420 outsize=1379 kw= pd= ok=1
Cmd: compileSnippet
  api=4 type=1 insize=1420 outsize=1704 kw= pd= ok=1
